<?xml version="1.0" encoding="UTF-8"?>
<!-- Generated by org.testng.reporters.JUnitReportReporter -->
<testsuite hostname="sky-aeldiddy" failures="0" tests="1" name="tests.Mobile" time="24.529" errors="0" timestamp="2023-06-14T18:06:17 AST" skipped="0">
  <testcase classname="tests.Mobile" name="usertestapp" time="24.529"/>
  <system-out/>
</testsuite> <!-- tests.Mobile -->
